\BOOKMARK [1][-]{section.1}{\376\377\000P\000r\000o\000b\000a\000b\000i\000l\000i\000t\000y}{}% 1
\BOOKMARK [1][-]{section.2}{\376\377\000A\000n\000a\000l\000y\000s\000i\000s}{}% 2
\BOOKMARK [1][-]{section.3}{\376\377\000L\000i\000n\000e\000a\000r\000\040\000A\000l\000g\000e\000b\000r\000a}{}% 3
\BOOKMARK [1][-]{section.4}{\376\377\000D\000e\000r\000i\000v\000a\000t\000i\000v\000e\000s}{}% 4
\BOOKMARK [2][-]{subsection.4.1}{\376\377\000N\000u\000m\000e\000r\000a\000t\000o\000r\000\040\000a\000n\000d\000\040\000D\000e\000n\000o\000m\000i\000n\000a\000t\000o\000r\000\040\000C\000o\000n\000v\000e\000n\000t\000i\000o\000n}{section.4}% 5
\BOOKMARK [2][-]{subsection.4.2}{\376\377\000S\000c\000a\000l\000a\000r\000-\000b\000y\000-\000V\000e\000c\000t\000o\000r}{section.4}% 6
\BOOKMARK [2][-]{subsection.4.3}{\376\377\000V\000e\000c\000t\000o\000r\000-\000b\000y\000-\000V\000e\000c\000t\000o\000r}{section.4}% 7
\BOOKMARK [2][-]{subsection.4.4}{\376\377\000S\000c\000a\000l\000a\000r\000-\000b\000y\000-\000M\000a\000t\000r\000i\000x}{section.4}% 8
\BOOKMARK [2][-]{subsection.4.5}{\376\377\000V\000e\000c\000t\000o\000r\000-\000b\000y\000-\000M\000a\000t\000r\000i\000x\000\040\000\050\000G\000e\000n\000e\000r\000a\000l\000i\000z\000e\000d\000\040\000G\000r\000a\000d\000i\000e\000n\000t\000\051}{section.4}% 9
\BOOKMARK [1][-]{section.5}{\376\377\000G\000e\000n\000e\000r\000a\000l\000\040\000M\000a\000c\000h\000i\000n\000e\000\040\000L\000e\000a\000r\000n\000i\000n\000g}{}% 10
\BOOKMARK [1][-]{section.6}{\376\377\000I\000n\000f\000o\000r\000m\000a\000t\000i\000o\000n\000\040\000T\000h\000e\000o\000r\000y}{}% 11
\BOOKMARK [1][-]{section.7}{\376\377\000N\000N\000\040\000F\000u\000n\000c\000t\000i\000o\000n\000s\000\040\000a\000n\000d\000\040\000t\000h\000e\000i\000r\000\040\000D\000e\000r\000i\000v\000a\000t\000i\000v\000e\000s}{}% 12
\BOOKMARK [1][-]{section.8}{\376\377\000T\000a\000y\000l\000o\000r\000\040\000A\000p\000p\000r\000o\000x\000i\000m\000a\000t\000i\000o\000n\000s}{}% 13
\BOOKMARK [1][-]{section.9}{\376\377\000N\000e\000w\000t\000o\000n\000'\000s\000\040\000M\000e\000t\000h\000o\000d}{}% 14
\BOOKMARK [1][-]{section.10}{\376\377\000A\000p\000p\000r\000o\000x\000i\000m\000a\000t\000i\000o\000n\000\040\000T\000h\000e\000o\000r\000y}{}% 15
\BOOKMARK [2][-]{subsection.10.1}{\376\377\000C\000o\000m\000p\000o\000s\000i\000t\000i\000o\000n\000a\000l\000\040\000M\000o\000d\000e\000l\000s}{section.10}% 16
\BOOKMARK [2][-]{subsection.10.2}{\376\377\000C\000o\000m\000p\000o\000s\000i\000t\000i\000o\000n\000s\000\040\000o\000f\000\040\000M\000a\000p\000s}{section.10}% 17
\BOOKMARK [2][-]{subsection.10.3}{\376\377\000U\000n\000i\000v\000e\000r\000s\000a\000l\000\040\000A\000p\000p\000r\000o\000x\000i\000m\000a\000t\000i\000o\000n\000\040\000w\000i\000t\000h\000\040\000R\000i\000d\000g\000e\000\040\000F\000u\000n\000c\000t\000i\000o\000n\000s}{section.10}% 18
\BOOKMARK [2][-]{subsection.10.4}{\376\377\000S\000i\000g\000m\000o\000i\000d\000\040\000N\000e\000t\000w\000o\000r\000k\000s}{section.10}% 19
\BOOKMARK [2][-]{subsection.10.5}{\376\377\000R\000e\000c\000t\000i\000f\000i\000c\000a\000t\000i\000o\000n\000\040\000N\000e\000t\000w\000o\000r\000k\000s}{section.10}% 20
\BOOKMARK [3][-]{subsubsection.10.5.1}{\376\377\000P\000i\000e\000c\000e\000w\000i\000s\000e\000\040\000L\000i\000n\000e\000a\000r\000\040\000F\000u\000n\000c\000t\000i\000o\000n\000s\000\040\000a\000n\000d\000\040\000H\000a\000l\000f\000\040\000S\000p\000a\000c\000e\000s}{subsection.10.5}% 21
\BOOKMARK [3][-]{subsubsection.10.5.2}{\376\377\000L\000i\000n\000e\000a\000r\000\040\000C\000o\000m\000b\000i\000n\000a\000t\000i\000o\000n\000s\000\040\000o\000f\000\040\000R\000e\000L\000U\000s}{subsection.10.5}% 22
\BOOKMARK [3][-]{subsubsection.10.5.3}{\376\377\000D\000e\000e\000p\000\040\000C\000o\000m\000b\000i\000n\000a\000t\000i\000o\000n\000\040\000o\000f\000\040\000R\000e\000L\000U\000s}{subsection.10.5}% 23
\BOOKMARK [3][-]{subsubsection.10.5.4}{\376\377\000H\000i\000n\000g\000i\000n\000g\000\040\000H\000y\000p\000e\000r\000p\000l\000a\000n\000e\000s}{subsection.10.5}% 24
\BOOKMARK [3][-]{subsubsection.10.5.5}{\376\377\000M\000a\000x\000o\000u\000t\000\040\000N\000e\000t\000w\000o\000r\000k\000s}{subsection.10.5}% 25
\BOOKMARK [1][-]{section.11}{\376\377\000F\000e\000e\000d\000f\000o\000r\000w\000a\000r\000d\000\040\000N\000e\000t\000w\000o\000r\000k\000s}{}% 26
\BOOKMARK [2][-]{subsection.11.1}{\376\377\000O\000u\000t\000p\000u\000t\000\040\000U\000n\000i\000t\000s\000\040\000a\000n\000d\000\040\000O\000b\000j\000e\000c\000t\000i\000v\000e\000s}{section.11}% 27
\BOOKMARK [3][-]{subsubsection.11.1.1}{\376\377\000D\000e\000c\000i\000s\000i\000o\000n\000\040\000T\000h\000e\000o\000r\000y}{subsection.11.1}% 28
\BOOKMARK [3][-]{subsubsection.11.1.2}{\376\377\000W\000h\000y\000\040\000R\000e\000g\000u\000l\000a\000r\000i\000z\000a\000t\000i\000o\000n\000\040\000i\000s\000\040\000N\000e\000e\000d\000e\000d}{subsection.11.1}% 29
\BOOKMARK [3][-]{subsubsection.11.1.3}{\376\377\000R\000e\000g\000u\000l\000a\000r\000i\000z\000a\000t\000i\000o\000n\000\040\000A\000p\000p\000r\000o\000a\000c\000h\000e\000s}{subsection.11.1}% 30
\BOOKMARK [1][-]{section.12}{\376\377\000B\000a\000c\000k\000p\000r\000o\000p\000a\000g\000a\000t\000i\000o\000n}{}% 31
\BOOKMARK [2][-]{subsection.12.1}{\376\377\000C\000o\000m\000p\000.\000\040\000o\000f\000\040\000G\000r\000a\000d\000i\000e\000n\000t\000\040\000v\000i\000a\000\040\000B\000a\000c\000k\000p\000r\000o\000p\000a\000g\000a\000t\000i\000o\000n}{section.12}% 32
\BOOKMARK [2][-]{subsection.12.2}{\376\377\000B\000a\000c\000k\000p\000r\000o\000p\000a\000g\000a\000t\000i\000o\000n\000\040\000G\000r\000a\000p\000h\000s}{section.12}% 33
\BOOKMARK [1][-]{section.13}{\376\377\000C\000o\000n\000v\000o\000l\000u\000t\000i\000o\000n\000a\000l\000\040\000N\000e\000u\000r\000a\000l\000\040\000N\000e\000t\000w\000o\000r\000k\000s}{}% 34
\BOOKMARK [2][-]{subsection.13.1}{\376\377\000C\000o\000n\000v\000o\000l\000u\000t\000i\000o\000n\000a\000l\000\040\000L\000a\000y\000e\000r\000s}{section.13}% 35
\BOOKMARK [2][-]{subsection.13.2}{\376\377\000D\000i\000s\000c\000r\000e\000t\000e\000\040\000T\000i\000m\000e\000\040\000C\000o\000n\000v\000o\000l\000u\000t\000i\000o\000n\000s}{section.13}% 36
\BOOKMARK [2][-]{subsection.13.3}{\376\377\000C\000o\000n\000v\000o\000l\000u\000t\000i\000o\000n\000\040\000v\000i\000a\000\040\000M\000a\000t\000r\000i\000c\000e\000s}{section.13}% 37
\BOOKMARK [2][-]{subsection.13.4}{\376\377\000W\000h\000y\000\040\000t\000o\000\040\000u\000s\000e\000\040\000C\000o\000n\000v\000o\000l\000u\000t\000i\000o\000n\000s\000\040\000i\000n\000\040\000D\000L}{section.13}% 38
\BOOKMARK [2][-]{subsection.13.5}{\376\377\000B\000o\000r\000d\000e\000r\000\040\000H\000a\000n\000d\000l\000i\000n\000g}{section.13}% 39
\BOOKMARK [2][-]{subsection.13.6}{\376\377\000B\000a\000c\000k\000p\000r\000o\000p\000a\000g\000a\000t\000i\000o\000n\000\040\000f\000o\000r\000\040\000C\000o\000n\000v\000o\000l\000u\000t\000i\000o\000n\000s}{section.13}% 40
\BOOKMARK [2][-]{subsection.13.7}{\376\377\000E\000f\000f\000i\000c\000i\000e\000n\000t\000\040\000C\000o\000m\000p\000.\000\040\000o\000f\000\040\000C\000o\000n\000v\000o\000l\000u\000t\000i\000o\000n\000a\000l\000\040\000A\000c\000t\000i\000v\000i\000t\000i\000e\000s}{section.13}% 41
\BOOKMARK [2][-]{subsection.13.8}{\376\377\000T\000y\000p\000i\000c\000a\000l\000\040\000C\000o\000n\000v\000o\000l\000u\000t\000i\000o\000n\000a\000l\000\040\000L\000a\000y\000e\000r\000\040\000S\000t\000a\000g\000e\000s}{section.13}% 42
\BOOKMARK [2][-]{subsection.13.9}{\376\377\000P\000o\000o\000l\000i\000n\000g}{section.13}% 43
\BOOKMARK [2][-]{subsection.13.10}{\376\377\000S\000u\000b\000-\000S\000a\000m\000p\000l\000i\000n\000g\000\040\000\050\000a\000k\000a\000\040\000`\000`\000S\000t\000r\000i\000d\000e\000s\000'\000'\000\051}{section.13}% 44
\BOOKMARK [2][-]{subsection.13.11}{\376\377\000C\000h\000a\000n\000n\000e\000l\000s}{section.13}% 45
\BOOKMARK [2][-]{subsection.13.12}{\376\377\000C\000N\000N\000s\000\040\000i\000n\000\040\000C\000o\000m\000p\000u\000t\000e\000r\000\040\000V\000i\000s\000i\000o\000n}{section.13}% 46
\BOOKMARK [2][-]{subsection.13.13}{\376\377\000F\000a\000m\000o\000u\000s\000\040\000C\000N\000N\000\040\000A\000r\000c\000h\000i\000t\000e\000c\000t\000u\000r\000e\000s}{section.13}% 47
\BOOKMARK [3][-]{subsubsection.13.13.1}{\376\377\000L\000e\000N\000e\000t\000,\000\040\0001\0009\0008\0009}{subsection.13.13}% 48
\BOOKMARK [3][-]{subsubsection.13.13.2}{\376\377\000L\000e\000N\000e\000t\0005}{subsection.13.13}% 49
\BOOKMARK [3][-]{subsubsection.13.13.3}{\376\377\000A\000l\000e\000x\000N\000e\000t}{subsection.13.13}% 50
\BOOKMARK [3][-]{subsubsection.13.13.4}{\376\377\000I\000n\000c\000e\000p\000t\000i\000o\000n\000\040\000M\000o\000d\000u\000l\000e}{subsection.13.13}% 51
\BOOKMARK [3][-]{subsubsection.13.13.5}{\376\377\000G\000o\000o\000g\000l\000e\000\040\000I\000n\000c\000e\000p\000t\000i\000o\000n\000\040\000N\000e\000t\000w\000o\000r\000k}{subsection.13.13}% 52
\BOOKMARK [2][-]{subsection.13.14}{\376\377\000N\000e\000t\000w\000o\000r\000k\000s\000\040\000S\000i\000m\000i\000l\000a\000r\000\040\000t\000o\000\040\000C\000N\000N\000s}{section.13}% 53
\BOOKMARK [2][-]{subsection.13.15}{\376\377\000C\000o\000m\000p\000a\000r\000i\000s\000o\000n\000\040\000o\000f\000\040\000\043\000P\000a\000r\000a\000m\000e\000t\000e\000r\000s\000\040\000\050\000C\000N\000N\000s\000,\000\040\000F\000C\000,\000\040\000L\000C\000\051}{section.13}% 54
\BOOKMARK [1][-]{section.14}{\376\377\000O\000p\000t\000i\000m\000i\000z\000a\000t\000i\000o\000n}{}% 55
\BOOKMARK [2][-]{subsection.14.1}{\376\377\000L\000e\000a\000r\000n\000i\000n\000g\000\040\000a\000s\000\040\000O\000p\000t\000i\000m\000i\000z\000a\000t\000i\000o\000n}{section.14}% 56
\BOOKMARK [2][-]{subsection.14.2}{\376\377\000O\000b\000j\000e\000c\000t\000i\000v\000e\000s\000\040\000a\000s\000\040\000E\000x\000p\000e\000c\000t\000a\000t\000i\000o\000n\000s}{section.14}% 57
\BOOKMARK [2][-]{subsection.14.3}{\376\377\000G\000r\000a\000d\000i\000e\000n\000t\000\040\000D\000e\000s\000c\000e\000n\000t}{section.14}% 58
\BOOKMARK [2][-]{subsection.14.4}{\376\377\000G\000r\000a\000d\000i\000e\000n\000t\000\040\000D\000e\000s\000c\000e\000n\000t\000:\000\040\000C\000l\000a\000s\000s\000i\000c\000\040\000A\000n\000a\000l\000y\000s\000i\000s}{section.14}% 59
\BOOKMARK [2][-]{subsection.14.5}{\376\377\000O\000p\000t\000i\000m\000i\000z\000a\000t\000i\000o\000n\000\040\000C\000h\000a\000l\000l\000e\000n\000g\000e\000s\000\040\000i\000n\000\040\000N\000N\000s\000:\000\040\000C\000u\000r\000v\000a\000t\000u\000r\000e\000s}{section.14}% 60
\BOOKMARK [2][-]{subsection.14.6}{\376\377\000O\000p\000t\000i\000m\000i\000z\000a\000t\000i\000o\000n\000\040\000C\000h\000a\000l\000l\000e\000n\000g\000e\000s\000\040\000i\000n\000\040\000N\000N\000s\000:\000\040\000L\000o\000c\000a\000l\000\040\000M\000i\000n\000i\000m\000a}{section.14}% 61
\BOOKMARK [2][-]{subsection.14.7}{\376\377\000L\000e\000a\000s\000t\000\040\000S\000q\000u\000a\000r\000e\000s\000:\000\040\000S\000i\000n\000g\000l\000e\000\040\000L\000a\000y\000e\000r\000\040\000L\000i\000n\000.\000\040\000N\000e\000t\000w\000.}{section.14}% 62
\BOOKMARK [2][-]{subsection.14.8}{\376\377\000L\000e\000a\000s\000t\000\040\000S\000q\000u\000a\000r\000e\000s\000:\000\040\000T\000w\000o\000-\000L\000a\000y\000e\000r\000\040\000L\000i\000n\000.\000\040\000N\000e\000t\000w\000.}{section.14}% 63
\BOOKMARK [2][-]{subsection.14.9}{\376\377\000S\000t\000o\000c\000h\000a\000s\000t\000i\000c\000\040\000G\000r\000a\000d\000i\000e\000n\000t\000\040\000D\000e\000s\000c\000e\000n\000t}{section.14}% 64
\BOOKMARK [3][-]{subsubsection.14.9.1}{\376\377\000C\000o\000n\000v\000e\000r\000g\000e\000n\000c\000e\000\040\000R\000a\000t\000e\000s}{subsection.14.9}% 65
\BOOKMARK [3][-]{subsubsection.14.9.2}{\376\377\000P\000r\000a\000c\000t\000i\000c\000a\000l\000i\000t\000i\000e\000s}{subsection.14.9}% 66
\BOOKMARK [3][-]{subsubsection.14.9.3}{\376\377\000M\000o\000m\000e\000n\000t\000u\000m}{subsection.14.9}% 67
\BOOKMARK [3][-]{subsubsection.14.9.4}{\376\377\000N\000e\000s\000t\000e\000r\000o\000v\000\040\000M\000o\000m\000e\000n\000t\000u\000m}{subsection.14.9}% 68
\BOOKMARK [3][-]{subsubsection.14.9.5}{\376\377\000A\000d\000a\000G\000r\000a\000d}{subsection.14.9}% 69
\BOOKMARK [3][-]{subsubsection.14.9.6}{\376\377\000A\000D\000A\000M}{subsection.14.9}% 70
\BOOKMARK [3][-]{subsubsection.14.9.7}{\376\377\000B\000a\000t\000c\000h\000\040\000N\000o\000r\000m\000a\000l\000i\000z\000a\000t\000i\000o\000n}{subsection.14.9}% 71
\BOOKMARK [3][-]{subsubsection.14.9.8}{\376\377\000O\000t\000h\000e\000r\000\040\000H\000e\000u\000r\000i\000s\000t\000i\000c\000s}{subsection.14.9}% 72
\BOOKMARK [2][-]{subsection.14.10}{\376\377\000N\000o\000r\000m\000-\000B\000a\000s\000e\000d\000\040\000R\000e\000g\000u\000l\000a\000r\000i\000z\000a\000t\000i\000o\000n}{section.14}% 73
\BOOKMARK [3][-]{subsubsection.14.10.1}{\376\377\000R\000e\000g\000u\000l\000a\000r\000i\000z\000a\000t\000i\000o\000n\000\040\000v\000i\000a\000\040\000C\000o\000n\000s\000t\000r\000a\000i\000n\000e\000d\000\040\000O\000p\000t\000i\000m\000i\000z\000a\000t\000i\000o\000n}{subsection.14.10}% 74
\BOOKMARK [3][-]{subsubsection.14.10.2}{\376\377\000E\000a\000r\000l\000y\000\040\000S\000t\000o\000p\000p\000i\000n\000g}{subsection.14.10}% 75
\BOOKMARK [2][-]{subsection.14.11}{\376\377\000D\000a\000t\000a\000s\000e\000t\000\040\000A\000u\000g\000m\000e\000n\000t\000a\000t\000i\000o\000n}{section.14}% 76
\BOOKMARK [3][-]{subsubsection.14.11.1}{\376\377\000I\000n\000v\000a\000r\000i\000a\000n\000t\000\040\000A\000r\000c\000h\000i\000t\000e\000c\000t\000u\000r\000e\000s}{subsection.14.11}% 77
\BOOKMARK [3][-]{subsubsection.14.11.2}{\376\377\000I\000n\000j\000e\000c\000t\000i\000o\000n\000\040\000o\000f\000\040\000N\000o\000i\000s\000e}{subsection.14.11}% 78
\BOOKMARK [3][-]{subsubsection.14.11.3}{\376\377\000S\000e\000m\000i\000-\000S\000u\000p\000e\000r\000v\000i\000s\000e\000d\000\040\000T\000r\000a\000i\000n\000i\000n\000g}{subsection.14.11}% 79
\BOOKMARK [3][-]{subsubsection.14.11.4}{\376\377\000M\000u\000l\000t\000i\000-\000T\000a\000s\000k\000\040\000L\000e\000a\000r\000n\000i\000n\000g}{subsection.14.11}% 80
\BOOKMARK [2][-]{subsection.14.12}{\376\377\000D\000r\000o\000p\000o\000u\000t}{section.14}% 81
\BOOKMARK [1][-]{section.15}{\376\377\000N\000a\000t\000u\000r\000a\000l\000\040\000L\000a\000n\000g\000u\000a\000g\000e\000\040\000P\000r\000o\000c\000e\000s\000s\000i\000n\000g}{}% 82
\BOOKMARK [2][-]{subsection.15.1}{\376\377\000W\000o\000r\000d\000\040\000E\000m\000b\000e\000d\000d\000i\000n\000g\000s}{section.15}% 83
\BOOKMARK [3][-]{subsubsection.15.1.1}{\376\377\000B\000i\000-\000L\000i\000n\000e\000a\000r\000\040\000M\000o\000d\000e\000l\000s}{subsection.15.1}% 84
\BOOKMARK [2][-]{subsection.15.2}{\376\377\000F\000r\000o\000m\000\040\000E\000m\000b\000e\000d\000d\000i\000n\000g\000\040\000W\000o\000r\000d\000s\000\040\000t\000o\000\040\000E\000m\000b\000e\000d\000d\000i\000n\000g\000\040\000S\000e\000q\000u\000e\000n\000c\000e\000s\000\040\000o\000f\000\040\000W\000o\000r\000d\000s}{section.15}% 85
\BOOKMARK [3][-]{subsubsection.15.2.1}{\376\377\000C\000o\000n\000v\000N\000e\000t\000s\000:\000\040\000W\000o\000r\000d\000\040\000R\000e\000p\000r\000e\000s\000e\000n\000t\000a\000t\000i\000o\000n\000s}{subsection.15.2}% 86
\BOOKMARK [3][-]{subsubsection.15.2.2}{\376\377\000D\000y\000n\000a\000m\000i\000c\000\040\000C\000N\000N\000s}{subsection.15.2}% 87
\BOOKMARK [2][-]{subsection.15.3}{\376\377\000R\000e\000c\000u\000r\000r\000e\000n\000t\000\040\000N\000e\000t\000w\000o\000r\000k\000s\000\040\000\050\000R\000R\000N\000s\000\051}{section.15}% 88
\BOOKMARK [3][-]{subsubsection.15.3.1}{\376\377\000B\000a\000c\000k\000p\000r\000o\000p\000\040\000O\000v\000e\000r\000\040\000T\000i\000m\000e}{subsection.15.3}% 89
\BOOKMARK [3][-]{subsubsection.15.3.2}{\376\377\000B\000i\000-\000D\000i\000r\000e\000c\000t\000i\000o\000n\000a\000l\000\040\000R\000N\000N\000s}{subsection.15.3}% 90
\BOOKMARK [3][-]{subsubsection.15.3.3}{\376\377\000D\000e\000e\000p\000\040\000R\000e\000c\000u\000r\000r\000e\000n\000t\000\040\000N\000e\000t\000w\000o\000r\000k\000s}{subsection.15.3}% 91
\BOOKMARK [3][-]{subsubsection.15.3.4}{\376\377\000P\000r\000o\000b\000a\000b\000i\000l\000i\000t\000y\000\040\000D\000i\000s\000t\000r\000i\000b\000u\000t\000i\000o\000n\000s\000\040\000o\000v\000e\000r\000\040\000S\000e\000q\000u\000e\000n\000c\000e\000s}{subsection.15.3}% 92
\BOOKMARK [1][-]{section.16}{\376\377\000M\000e\000m\000o\000r\000y\000\040\000\046\000\040\000A\000t\000t\000e\000n\000t\000i\000o\000n}{}% 93
\BOOKMARK [2][-]{subsection.16.1}{\376\377\000M\000e\000m\000o\000r\000y\000\040\000U\000n\000i\000t\000s}{section.16}% 94
\BOOKMARK [3][-]{subsubsection.16.1.1}{\376\377\000L\000S\000T\000M\000s}{subsection.16.1}% 95
\BOOKMARK [3][-]{subsubsection.16.1.2}{\376\377\000O\000t\000h\000e\000r\000\040\000V\000a\000r\000i\000a\000n\000t\000s\000\040\000o\000f\000\040\000L\000S\000T\000M\000s}{subsection.16.1}% 96
\BOOKMARK [3][-]{subsubsection.16.1.3}{\376\377\000U\000n\000s\000e\000g\000m\000e\000n\000t\000e\000d\000\040\000S\000e\000q\000u\000e\000n\000c\000e\000s}{subsection.16.1}% 97
\BOOKMARK [3][-]{subsubsection.16.1.4}{\376\377\000C\000o\000n\000n\000e\000c\000t\000i\000o\000n\000i\000s\000t\000\040\000T\000e\000m\000p\000o\000r\000a\000l\000\040\000C\000l\000a\000s\000s\000i\000f\000i\000c\000a\000t\000i\000o\000n}{subsection.16.1}% 98
\BOOKMARK [2][-]{subsection.16.2}{\376\377\000D\000i\000f\000f\000e\000r\000e\000n\000t\000i\000a\000b\000l\000e\000\040\000M\000e\000m\000o\000r\000y}{section.16}% 99
\BOOKMARK [2][-]{subsection.16.3}{\376\377\000A\000t\000t\000e\000n\000t\000i\000o\000n\000\040\000M\000e\000c\000h\000a\000n\000i\000s\000m\000s}{section.16}% 100
\BOOKMARK [3][-]{subsubsection.16.3.1}{\376\377\000S\000e\000q\0002\000S\000e\000q\000\040\000w\000i\000t\000h\000\040\000A\000t\000t\000e\000n\000t\000i\000o\000n}{subsection.16.3}% 101
\BOOKMARK [2][-]{subsection.16.4}{\376\377\000R\000e\000c\000u\000r\000s\000i\000v\000e\000\040\000N\000e\000t\000w\000o\000r\000k\000s}{section.16}% 102
\BOOKMARK [1][-]{section.17}{\376\377\000U\000n\000s\000u\000p\000e\000r\000v\000i\000s\000e\000d\000\040\000L\000e\000a\000r\000n\000i\000n\000g}{}% 103
\BOOKMARK [2][-]{subsection.17.1}{\376\377\000D\000e\000n\000s\000i\000t\000y\000\040\000E\000s\000t\000i\000m\000a\000t\000i\000o\000n}{section.17}% 104
\BOOKMARK [2][-]{subsection.17.2}{\376\377\000A\000u\000t\000o\000e\000n\000c\000o\000d\000e\000r\000s}{section.17}% 105
\BOOKMARK [3][-]{subsubsection.17.2.1}{\376\377\000L\000i\000n\000e\000a\000r\000\040\000A\000u\000t\000o\000e\000n\000c\000o\000d\000i\000n\000g}{subsection.17.2}% 106
\BOOKMARK [3][-]{subsubsection.17.2.2}{\376\377\000N\000o\000n\000-\000L\000i\000n\000e\000a\000r\000\040\000A\000u\000t\000o\000e\000n\000c\000o\000d\000e\000r\000s}{subsection.17.2}% 107
\BOOKMARK [3][-]{subsubsection.17.2.3}{\376\377\000R\000e\000g\000u\000l\000a\000r\000i\000z\000e\000d\000\040\000A\000u\000t\000o\000e\000n\000c\000o\000d\000e\000r\000s}{subsection.17.2}% 108
\BOOKMARK [3][-]{subsubsection.17.2.4}{\376\377\000D\000e\000n\000o\000i\000s\000i\000n\000g\000\040\000A\000u\000t\000o\000e\000n\000c\000o\000d\000e\000r\000s}{subsection.17.2}% 109
\BOOKMARK [2][-]{subsection.17.3}{\376\377\000F\000a\000c\000t\000o\000r\000\040\000A\000n\000a\000l\000y\000s\000i\000s}{section.17}% 110
\BOOKMARK [3][-]{subsubsection.17.3.1}{\376\377\000L\000a\000t\000e\000n\000t\000\040\000V\000a\000r\000i\000a\000b\000l\000e\000\040\000A\000n\000a\000l\000y\000s\000i\000s}{subsection.17.3}% 111
\BOOKMARK [2][-]{subsection.17.4}{\376\377\000L\000a\000t\000e\000n\000t\000\040\000V\000a\000r\000i\000a\000b\000l\000e\000\040\000M\000o\000d\000e\000l\000s}{section.17}% 112
\BOOKMARK [3][-]{subsubsection.17.4.1}{\376\377\000D\000e\000F\000i\000n\000e\000t\000t\000i\000'\000s\000\040\000T\000h\000e\000o\000r\000e\000m}{subsection.17.4}% 113
\BOOKMARK [3][-]{subsubsection.17.4.2}{\376\377\000L\000a\000t\000e\000n\000t\000\040\000V\000a\000r\000i\000a\000b\000l\000e\000\040\000M\000o\000d\000e\000l\000s}{subsection.17.4}% 114
\BOOKMARK [3][-]{subsubsection.17.4.3}{\376\377\000D\000i\000m\000e\000n\000s\000i\000o\000n\000a\000l\000i\000t\000y\000\040\000R\000e\000d\000u\000c\000t\000i\000o\000n}{subsection.17.4}% 115
\BOOKMARK [3][-]{subsubsection.17.4.4}{\376\377\000I\000m\000p\000l\000i\000c\000i\000t\000\040\000M\000o\000d\000e\000l\000s}{subsection.17.4}% 116
\BOOKMARK [1][-]{section.18}{\376\377\000C\000h\000a\000i\000n\000-\000R\000u\000l\000e\000\040\000a\000n\000d\000\040\000J\000a\000c\000o\000b\000i\000a\000n\000s\000\040\000f\000o\000r\000\040\000T\000e\000n\000s\000o\000r\000s}{}% 117
\BOOKMARK [1][-]{section.19}{\376\377\000G\000e\000n\000e\000r\000a\000t\000i\000v\000e\000\040\000M\000o\000d\000e\000l\000s}{}% 118
\BOOKMARK [2][-]{subsection.19.1}{\376\377\000N\000o\000i\000s\000e\000\040\000C\000o\000n\000t\000r\000a\000s\000t\000i\000v\000e\000\040\000E\000s\000t\000i\000m\000a\000t\000i\000o\000n\000\040\000\050\000N\000C\000E\000\051}{section.19}% 119
\BOOKMARK [2][-]{subsection.19.2}{\376\377\000V\000a\000r\000i\000a\000t\000i\000o\000n\000a\000l\000\040\000A\000u\000t\000o\000e\000n\000c\000o\000d\000e\000r\000s\000\040\000\050\000V\000A\000E\000s\000\051}{section.19}% 120
\BOOKMARK [2][-]{subsection.19.3}{\376\377\000D\000e\000e\000p\000\040\000L\000a\000t\000e\000n\000t\000\040\000G\000a\000u\000s\000s\000i\000a\000n\000\040\000M\000o\000d\000e\000l\000s}{section.19}% 121
\BOOKMARK [2][-]{subsection.19.4}{\376\377\000G\000e\000n\000e\000r\000a\000t\000i\000v\000e\000\040\000A\000d\000v\000e\000r\000s\000a\000r\000i\000a\000l\000\040\000N\000e\000t\000w\000o\000r\000k\000s\000\040\000\050\000G\000A\000N\000s\000\051}{section.19}% 122
